{"/Users/machi-os/Documents/dev/interviews/rotunda/zoo-excise/src/utils.js": {"path":"/Users/machi-os/Documents/dev/interviews/rotunda/zoo-excise/src/utils.js","statementMap":{"0":{"start":{"line":8,"column":24},"end":{"line":13,"column":1}},"1":{"start":{"line":9,"column":4},"end":{"line":11,"column":5}},"2":{"start":{"line":10,"column":8},"end":{"line":10,"column":44}},"3":{"start":{"line":12,"column":4},"end":{"line":12,"column":73}},"4":{"start":{"line":12,"column":41},"end":{"line":12,"column":61}},"5":{"start":{"line":15,"column":0},"end":{"line":17,"column":1}}},"fnMap":{"0":{"name":"(anonymous_0)","decl":{"start":{"line":8,"column":24},"end":{"line":8,"column":25}},"loc":{"start":{"line":8,"column":45},"end":{"line":13,"column":1}},"line":8},"1":{"name":"(anonymous_1)","decl":{"start":{"line":12,"column":33},"end":{"line":12,"column":34}},"loc":{"start":{"line":12,"column":41},"end":{"line":12,"column":61}},"line":12}},"branchMap":{"0":{"loc":{"start":{"line":9,"column":4},"end":{"line":11,"column":5}},"type":"if","locations":[{"start":{"line":9,"column":4},"end":{"line":11,"column":5}},{"start":{},"end":{}}],"line":9}},"s":{"0":4,"1":4,"2":1,"3":3,"4":10,"5":4},"f":{"0":4,"1":10},"b":{"0":[1,3]},"_coverageSchema":"1a1c01bbd47fc00a2c39e90264f33305004495a9","hash":"2b964c52b59344d0c10d4bdb05ea9f0a33238573"}
,"/Users/machi-os/Documents/dev/interviews/rotunda/zoo-excise/src/models/Animal.js": {"path":"/Users/machi-os/Documents/dev/interviews/rotunda/zoo-excise/src/models/Animal.js","statementMap":{"0":{"start":{"line":1,"column":28},"end":{"line":1,"column":47}},"1":{"start":{"line":5,"column":8},"end":{"line":7,"column":9}},"2":{"start":{"line":6,"column":12},"end":{"line":6,"column":56}},"3":{"start":{"line":8,"column":8},"end":{"line":8,"column":39}},"4":{"start":{"line":12,"column":22},"end":{"line":12,"column":63}},"5":{"start":{"line":13,"column":8},"end":{"line":13,"column":27}},"6":{"start":{"line":17,"column":0},"end":{"line":17,"column":24}}},"fnMap":{"0":{"name":"(anonymous_0)","decl":{"start":{"line":4,"column":4},"end":{"line":4,"column":5}},"loc":{"start":{"line":4,"column":28},"end":{"line":9,"column":5}},"line":4},"1":{"name":"(anonymous_1)","decl":{"start":{"line":11,"column":4},"end":{"line":11,"column":5}},"loc":{"start":{"line":11,"column":17},"end":{"line":14,"column":5}},"line":11}},"branchMap":{"0":{"loc":{"start":{"line":5,"column":8},"end":{"line":7,"column":9}},"type":"if","locations":[{"start":{"line":5,"column":8},"end":{"line":7,"column":9}},{"start":{},"end":{}}],"line":5}},"s":{"0":3,"1":7,"2":1,"3":6,"4":2,"5":2,"6":3},"f":{"0":7,"1":2},"b":{"0":[1,6]},"_coverageSchema":"1a1c01bbd47fc00a2c39e90264f33305004495a9","hash":"db00a51c1ce89651782358a58131aeb7aeefea6f"}
,"/Users/machi-os/Documents/dev/interviews/rotunda/zoo-excise/src/models/Lion.js": {"path":"/Users/machi-os/Documents/dev/interviews/rotunda/zoo-excise/src/models/Lion.js","statementMap":{"0":{"start":{"line":1,"column":15},"end":{"line":1,"column":34}},"1":{"start":{"line":5,"column":8},"end":{"line":5,"column":22}},"2":{"start":{"line":9,"column":0},"end":{"line":9,"column":22}}},"fnMap":{"0":{"name":"(anonymous_0)","decl":{"start":{"line":4,"column":4},"end":{"line":4,"column":5}},"loc":{"start":{"line":4,"column":17},"end":{"line":6,"column":5}},"line":4}},"branchMap":{},"s":{"0":1,"1":3,"2":1},"f":{"0":3},"b":{},"_coverageSchema":"1a1c01bbd47fc00a2c39e90264f33305004495a9","hash":"dfb612aec6e68d287a869ca0ed6f942a710d12b8"}
,"/Users/machi-os/Documents/dev/interviews/rotunda/zoo-excise/src/models/Tiger.js": {"path":"/Users/machi-os/Documents/dev/interviews/rotunda/zoo-excise/src/models/Tiger.js","statementMap":{"0":{"start":{"line":1,"column":15},"end":{"line":1,"column":34}},"1":{"start":{"line":5,"column":8},"end":{"line":5,"column":22}},"2":{"start":{"line":9,"column":0},"end":{"line":9,"column":23}}},"fnMap":{"0":{"name":"(anonymous_0)","decl":{"start":{"line":4,"column":4},"end":{"line":4,"column":5}},"loc":{"start":{"line":4,"column":17},"end":{"line":6,"column":5}},"line":4}},"branchMap":{},"s":{"0":1,"1":3,"2":1},"f":{"0":3},"b":{},"_coverageSchema":"1a1c01bbd47fc00a2c39e90264f33305004495a9","hash":"c43ec44cc33c6d6f7cdce561f1f72dd3549f5059"}
}
