TN:
SF:src/utils.js
FN:8,(anonymous_0)
FN:12,(anonymous_1)
FNF:2
FNH:2
FNDA:4,(anonymous_0)
FNDA:10,(anonymous_1)
DA:8,4
DA:9,4
DA:10,1
DA:12,10
DA:15,4
LF:5
LH:5
BRDA:9,0,0,1
BRDA:9,0,1,3
BRF:2
BRH:2
end_of_record
TN:
SF:src/models/Animal.js
FN:4,(anonymous_0)
FN:12,(anonymous_1)
FNF:2
FNH:2
FNDA:7,(anonymous_0)
FNDA:2,(anonymous_1)
DA:1,3
DA:5,7
DA:6,1
DA:8,6
DA:13,2
DA:14,2
DA:18,3
LF:7
LH:7
BRDA:5,0,0,1
BRDA:5,0,1,6
BRF:2
BRH:2
end_of_record
TN:
SF:src/models/Lion.js
FN:4,(anonymous_0)
FN:8,(anonymous_1)
FNF:2
FNH:2
FNDA:3,(anonymous_0)
FNDA:1,(anonymous_1)
DA:1,1
DA:5,3
DA:9,1
DA:13,1
LF:4
LH:4
BRF:0
BRH:0
end_of_record
TN:
SF:src/models/Tiger.js
FN:4,(anonymous_0)
FN:8,(anonymous_1)
FNF:2
FNH:2
FNDA:3,(anonymous_0)
FNDA:1,(anonymous_1)
DA:1,1
DA:5,3
DA:9,1
DA:13,1
LF:4
LH:4
BRF:0
BRH:0
end_of_record
